Generated at 2017-03-28 13:25:04 +0000
SystemExit: exit
/opt/chef/embedded/lib/ruby/gems/2.3.0/gems/chef-12.19.36/lib/chef/application.rb:368:in `exit'
/opt/chef/embedded/lib/ruby/gems/2.3.0/gems/chef-12.19.36/lib/chef/application.rb:368:in `fatal!'
/opt/chef/embedded/lib/ruby/gems/2.3.0/gems/chef-12.19.36/lib/chef/application.rb:64:in `block in setup_signal_handlers'
/opt/chef/embedded/lib/ruby/gems/2.3.0/gems/ohai-8.23.0/lib/ohai/mixin/gce_metadata.rb:31:in `pack_sockaddr_in'
/opt/chef/embedded/lib/ruby/gems/2.3.0/gems/ohai-8.23.0/lib/ohai/mixin/gce_metadata.rb:31:in `can_metadata_connect?'
/opt/chef/embedded/lib/ruby/gems/2.3.0/gems/ohai-8.23.0/lib/ohai/plugins/gce.rb:30:in `has_gce_metadata?'
/opt/chef/embedded/lib/ruby/gems/2.3.0/gems/ohai-8.23.0/lib/ohai/plugins/gce.rb:39:in `looks_like_gce?'
/opt/chef/embedded/lib/ruby/gems/2.3.0/gems/ohai-8.23.0/lib/ohai/plugins/gce.rb:43:in `block (2 levels) in <main>'
/opt/chef/embedded/lib/ruby/gems/2.3.0/gems/ohai-8.23.0/lib/ohai/dsl/plugin/versionvii.rb:90:in `instance_eval'
/opt/chef/embedded/lib/ruby/gems/2.3.0/gems/ohai-8.23.0/lib/ohai/dsl/plugin/versionvii.rb:90:in `run_plugin'
/opt/chef/embedded/lib/ruby/gems/2.3.0/gems/ohai-8.23.0/lib/ohai/dsl/plugin.rb:100:in `run'
/opt/chef/embedded/lib/ruby/gems/2.3.0/gems/ohai-8.23.0/lib/ohai/dsl/plugin.rb:184:in `safe_run'
/opt/chef/embedded/lib/ruby/gems/2.3.0/gems/ohai-8.23.0/lib/ohai/runner.rb:84:in `run_v7_plugin'
/opt/chef/embedded/lib/ruby/gems/2.3.0/gems/ohai-8.23.0/lib/ohai/runner.rb:43:in `run_plugin'
/opt/chef/embedded/lib/ruby/gems/2.3.0/gems/ohai-8.23.0/lib/ohai/system.rb:98:in `block in run_plugins'
/opt/chef/embedded/lib/ruby/gems/2.3.0/gems/ohai-8.23.0/lib/ohai/system.rb:97:in `each'
/opt/chef/embedded/lib/ruby/gems/2.3.0/gems/ohai-8.23.0/lib/ohai/system.rb:97:in `run_plugins'
/opt/chef/embedded/lib/ruby/gems/2.3.0/gems/ohai-8.23.0/lib/ohai/system.rb:75:in `all_plugins'
/opt/chef/embedded/lib/ruby/gems/2.3.0/gems/chef-12.19.36/lib/chef/client.rb:561:in `run_ohai'
/opt/chef/embedded/lib/ruby/gems/2.3.0/gems/chef-12.19.36/lib/chef/client.rb:265:in `run'
/opt/chef/embedded/lib/ruby/gems/2.3.0/gems/chef-12.19.36/lib/chef/application.rb:295:in `block in fork_chef_client'
/opt/chef/embedded/lib/ruby/gems/2.3.0/gems/chef-12.19.36/lib/chef/application.rb:283:in `fork'
/opt/chef/embedded/lib/ruby/gems/2.3.0/gems/chef-12.19.36/lib/chef/application.rb:283:in `fork_chef_client'
/opt/chef/embedded/lib/ruby/gems/2.3.0/gems/chef-12.19.36/lib/chef/application.rb:248:in `block in run_chef_client'
/opt/chef/embedded/lib/ruby/gems/2.3.0/gems/chef-12.19.36/lib/chef/local_mode.rb:44:in `with_server_connectivity'
/opt/chef/embedded/lib/ruby/gems/2.3.0/gems/chef-12.19.36/lib/chef/application.rb:236:in `run_chef_client'
/opt/chef/embedded/lib/ruby/gems/2.3.0/gems/chef-12.19.36/lib/chef/application/client.rb:464:in `sleep_then_run_chef_client'
/opt/chef/embedded/lib/ruby/gems/2.3.0/gems/chef-12.19.36/lib/chef/application/client.rb:451:in `block in interval_run_chef_client'
/opt/chef/embedded/lib/ruby/gems/2.3.0/gems/chef-12.19.36/lib/chef/application/client.rb:450:in `loop'
/opt/chef/embedded/lib/ruby/gems/2.3.0/gems/chef-12.19.36/lib/chef/application/client.rb:450:in `interval_run_chef_client'
/opt/chef/embedded/lib/ruby/gems/2.3.0/gems/chef-12.19.36/lib/chef/application/client.rb:434:in `run_application'
/opt/chef/embedded/lib/ruby/gems/2.3.0/gems/chef-12.19.36/lib/chef/application.rb:59:in `run'
/opt/chef/embedded/lib/ruby/gems/2.3.0/gems/chef-12.19.36/bin/chef-client:26:in `<top (required)>'
/usr/bin/chef-client:57:in `load'
/usr/bin/chef-client:57:in `<main>'